app/build/outputs/logs/manifest-merger-debug-report.txt
-- Merging decision tree log ---
manifest
ADDED from src\main\AndroidManifest.xml:2:1-81:12
	package
		ADDED from src\main\AndroidManifest.xml:3:2-37
		INJECTED from src\main\AndroidManifest.xml
		INJECTED from src\main\AndroidManifest.xml
	android:versionName
		ADDED from src\main\AndroidManifest.xml:5:2-27
		INJECTED from src\main\AndroidManifest.xml
		INJECTED from src\main\AndroidManifest.xml
	android:versionCode
		ADDED from src\main\AndroidManifest.xml:4:2-25
		INJECTED from src\main\AndroidManifest.xml
		INJECTED from src\main\AndroidManifest.xml
	xmlns:android
		ADDED from src\main\AndroidManifest.xml:2:11-69
uses-sdk
ADDED from src\main\AndroidManifest.xml:7:2-9:35
	android:targetSdkVersion
		ADDED from src\main\AndroidManifest.xml:9:3-32
		INJECTED from src\main\AndroidManifest.xml
		INJECTED from src\main\AndroidManifest.xml
	android:minSdkVersion
		ADDED from src\main\AndroidManifest.xml:8:3-29
		INJECTED from src\main\AndroidManifest.xml
		INJECTED from src\main\AndroidManifest.xml
uses-permission#android.permission.WRITE_EXTERNAL_STORAGE
ADDED from src\main\AndroidManifest.xml:12:2-78
	android:name
		ADDED from src\main\AndroidManifest.xml:12:19-75
uses-permission#android.permission.INTERNET
ADDED from src\main\AndroidManifest.xml:15:6-68
	android:name
		ADDED from src\main\AndroidManifest.xml:15:23-65
uses-permission#android.permission.ACCESS_NETWORK_STATE
ADDED from src\main\AndroidManifest.xml:18:6-80
	android:name
		ADDED from src\main\AndroidManifest.xml:18:23-77
application
ADDED from src\main\AndroidManifest.xml:20:2-78:16
	android:label
		ADDED from src\main\AndroidManifest.xml:24:3-35
	android:allowBackup
		ADDED from src\main\AndroidManifest.xml:22:3-29
	android:icon
		ADDED from src\main\AndroidManifest.xml:23:3-39
	android:theme
		ADDED from src\main\AndroidManifest.xml:25:3-46
	android:name
		ADDED from src\main\AndroidManifest.xml:21:3-62
activity#com.juyo.us.T_omega_itter.MainActivity
ADDED from src\main\AndroidManifest.xml:28:3-36:14
	android:label
		ADDED from src\main\AndroidManifest.xml:30:4-36
	android:name
		ADDED from src\main\AndroidManifest.xml:29:4-57
intent-filter#android.intent.action.MAIN+android.intent.category.LAUNCHER
ADDED from src\main\AndroidManifest.xml:31:4-35:20
action#android.intent.action.MAIN
ADDED from src\main\AndroidManifest.xml:32:5-57
	android:name
		ADDED from src\main\AndroidManifest.xml:32:13-54
category#android.intent.category.LAUNCHER
ADDED from src\main\AndroidManifest.xml:34:5-65
	android:name
		ADDED from src\main\AndroidManifest.xml:34:15-62
activity#com.juyo.us.T_omega_itter.WebViewActivity
ADDED from src\main\AndroidManifest.xml:38:3-41:59
	android:label
		ADDED from src\main\AndroidManifest.xml:40:14-46
	android:theme
		ADDED from src\main\AndroidManifest.xml:41:14-57
	android:name
		ADDED from src\main\AndroidManifest.xml:39:13-69
activity#com.juyo.us.T_omega_itter.ComposeActivity
ADDED from src\main\AndroidManifest.xml:43:3-51:14
	android:label
		ADDED from src\main\AndroidManifest.xml:45:4-50
	android:parentActivityName
		ADDED from src\main\AndroidManifest.xml:47:4-71
	android:theme
		ADDED from src\main\AndroidManifest.xml:46:4-47
	android:name
		ADDED from src\main\AndroidManifest.xml:44:4-60
meta-data#android.support.PARENT_ACTIVITY
ADDED from src\main\AndroidManifest.xml:48:4-50:62
	android:value
		ADDED from src\main\AndroidManifest.xml:50:5-59
	android:name
		ADDED from src\main\AndroidManifest.xml:49:5-51
activity#com.juyo.us.T_omega_itter.AccountActivity
ADDED from src\main\AndroidManifest.xml:52:3-60:14
	android:label
		ADDED from src\main\AndroidManifest.xml:54:4-50
	android:parentActivityName
		ADDED from src\main\AndroidManifest.xml:56:4-71
	android:theme
		ADDED from src\main\AndroidManifest.xml:55:4-47
	android:name
		ADDED from src\main\AndroidManifest.xml:53:4-60
activity#com.juyo.us.T_omega_itter.LoginActivity
ADDED from src\main\AndroidManifest.xml:62:3-76:14
	android:label
		ADDED from src\main\AndroidManifest.xml:64:4-48
	android:theme
		ADDED from src\main\AndroidManifest.xml:65:4-47
	android:name
		ADDED from src\main\AndroidManifest.xml:63:4-58
intent-filter#android.intent.action.VIEW+android.intent.category.BROWSABLE+android.intent.category.DEFAULT
ADDED from src\main\AndroidManifest.xml:66:4-75:20
action#android.intent.action.VIEW
ADDED from src\main\AndroidManifest.xml:67:5-57
	android:name
		ADDED from src\main\AndroidManifest.xml:67:13-54
category#android.intent.category.DEFAULT
ADDED from src\main\AndroidManifest.xml:69:5-64
	android:name
		ADDED from src\main\AndroidManifest.xml:69:15-61
category#android.intent.category.BROWSABLE
ADDED from src\main\AndroidManifest.xml:70:5-66
	android:name
		ADDED from src\main\AndroidManifest.xml:70:15-63
data
ADDED from src\main\AndroidManifest.xml:72:5-74:34
	android:host
		ADDED from src\main\AndroidManifest.xml:73:9-33
	android:scheme
		ADDED from src\main\AndroidManifest.xml:74:9-31